app/build/outputs/logs/manifest-merger-debug-report.txt
-- Merging decision tree log ---
manifest
ADDED from src/main/AndroidManifest.xml:2:1-55:12
	package
		ADDED from src/main/AndroidManifest.xml:3:5-43
		INJECTED from src/main/AndroidManifest.xml
		INJECTED from src/main/AndroidManifest.xml
	android:versionName
		ADDED from src/main/AndroidManifest.xml:5:5-30
	android:versionCode
		ADDED from src/main/AndroidManifest.xml:4:5-28
		INJECTED from src/main/AndroidManifest.xml
		INJECTED from src/main/AndroidManifest.xml
	xmlns:android
		ADDED from src/main/AndroidManifest.xml:2:11-69
uses-sdk
ADDED from src/main/AndroidManifest.xml:7:5-9:41
MERGED from [com.android.support:support-v4:22.2.1] AndroidManifest.xml:20:5-43
	android:targetSdkVersion
		ADDED from src/main/AndroidManifest.xml:9:9-38
		INJECTED from src/main/AndroidManifest.xml
		INJECTED from src/main/AndroidManifest.xml
	android:minSdkVersion
		ADDED from src/main/AndroidManifest.xml:8:9-35
		INJECTED from src/main/AndroidManifest.xml
		INJECTED from src/main/AndroidManifest.xml
uses-permission#android.permission.INTERNET
ADDED from src/main/AndroidManifest.xml:11:5-67
	android:name
		ADDED from src/main/AndroidManifest.xml:11:22-64
uses-permission#android.permission.CAMERA
ADDED from src/main/AndroidManifest.xml:12:5-65
	android:name
		ADDED from src/main/AndroidManifest.xml:12:22-62
uses-permission#android.permission.WRITE_EXTERNAL_STORAGE
ADDED from src/main/AndroidManifest.xml:13:5-81
	android:name
		ADDED from src/main/AndroidManifest.xml:13:22-78
uses-permission#android.permission.READ_EXTERNAL_STORAGE
ADDED from src/main/AndroidManifest.xml:14:5-80
	android:name
		ADDED from src/main/AndroidManifest.xml:14:22-77
uses-permission#android.permission.ACCESS_FINE_LOCATION
ADDED from src/main/AndroidManifest.xml:15:5-79
	android:name
		ADDED from src/main/AndroidManifest.xml:15:22-76
uses-feature#android.hardware.camera
ADDED from src/main/AndroidManifest.xml:16:5-73
	android:name
		ADDED from src/main/AndroidManifest.xml:16:19-57
application
ADDED from src/main/AndroidManifest.xml:20:5-53:19
MERGED from [com.android.support:support-v4:22.2.1] AndroidManifest.xml:22:5-20
	android:label
		ADDED from src/main/AndroidManifest.xml:24:9-41
	android:allowBackup
		ADDED from src/main/AndroidManifest.xml:22:9-35
	android:icon
		ADDED from src/main/AndroidManifest.xml:23:9-45
	android:theme
		ADDED from src/main/AndroidManifest.xml:25:9-40
	android:name
		ADDED from src/main/AndroidManifest.xml:21:9-66
activity#com.codepath.apps.tumblrsnap.activities.MainActivity
ADDED from src/main/AndroidManifest.xml:26:9-44:20
	android:label
		ADDED from src/main/AndroidManifest.xml:28:13-45
	android:name
		ADDED from src/main/AndroidManifest.xml:27:13-80
intent-filter#android.intent.action.MAIN+android.intent.category.LAUNCHER
ADDED from src/main/AndroidManifest.xml:29:13-33:29
action#android.intent.action.MAIN
ADDED from src/main/AndroidManifest.xml:30:17-69
	android:name
		ADDED from src/main/AndroidManifest.xml:30:25-66
category#android.intent.category.LAUNCHER
ADDED from src/main/AndroidManifest.xml:32:17-77
	android:name
		ADDED from src/main/AndroidManifest.xml:32:27-74
intent-filter#android.intent.action.VIEW+android.intent.category.BROWSABLE+android.intent.category.DEFAULT
ADDED from src/main/AndroidManifest.xml:34:13-43:29
action#android.intent.action.VIEW
ADDED from src/main/AndroidManifest.xml:35:17-69
	android:name
		ADDED from src/main/AndroidManifest.xml:35:25-66
category#android.intent.category.DEFAULT
ADDED from src/main/AndroidManifest.xml:37:17-76
	android:name
		ADDED from src/main/AndroidManifest.xml:37:27-73
category#android.intent.category.BROWSABLE
ADDED from src/main/AndroidManifest.xml:38:17-78
	android:name
		ADDED from src/main/AndroidManifest.xml:38:27-75
data
ADDED from src/main/AndroidManifest.xml:40:17-42:46
	android:host
		ADDED from src/main/AndroidManifest.xml:41:21-46
	android:scheme
		ADDED from src/main/AndroidManifest.xml:42:21-43
activity#com.codepath.apps.tumblrsnap.activities.SettingsActivity
ADDED from src/main/AndroidManifest.xml:45:9-48:20
	android:label
		ADDED from src/main/AndroidManifest.xml:47:13-60
	android:name
		ADDED from src/main/AndroidManifest.xml:46:13-84
activity#com.codepath.apps.tumblrsnap.activities.PreviewPhotoActivity
ADDED from src/main/AndroidManifest.xml:49:9-52:20
	android:label
		ADDED from src/main/AndroidManifest.xml:51:13-65
	android:name
		ADDED from src/main/AndroidManifest.xml:50:14-89